1534772884824	geckodriver	INFO	geckodriver 0.21.0
1534772884830	geckodriver	INFO	Listening on 127.0.0.1:32929
1534772885885	mozrunner::runner	INFO	Running command: "/usr/bin/firefox" "-marionette" "-foreground" "-no-remote" "-profile" "/tmp/rust_mozprofile.VxuDXls1n7Ui"
1534772896746	Marionette	INFO	Listening on port 40522
1534772896826	Marionette	WARN	TLS certificate errors will be ignored for this session
JavaScript warning: https://www.geeksforgeeks.org/wp-content/themes/iconic-one/js/gfg.min.js?ver=9.3, line 78: unreachable code after return statement
JavaScript error: https://www.geeksforgeeks.org/wp-content/themes/iconic-one/js/gfg.min.js?ver=9.3, line 62: TypeError: document.getElementById(...) is null
JavaScript warning: https://www.geeksforgeeks.org/wp-content/themes/iconic-one/js/gfg.min.js?ver=9.3, line 78: unreachable code after return statement
Marionette threw an error: TypeError: this.curBrowser.contentBrowser is null
GeckoDriver.prototype.get@chrome://marionette/content/driver.js:1072:3

1534772910795	Marionette	DEBUG	Register listener.js for window 4294967297
1534772910799	Marionette	ERROR	No reply from Marionette:Register
JavaScript error: chrome://marionette/content/listener.js, line 464: TypeError: reply[0] is undefined
1534772910869	Marionette	DEBUG	Register listener.js for window 4294967299
1534772910870	Marionette	ERROR	No reply from Marionette:Register
JavaScript error: chrome://marionette/content/listener.js, line 464: TypeError: reply[0] is undefined
[Parent 8422, Gecko_IOThread] WARNING: pipe error (84): Connection reset by peer: file /build/firefox-mWstsA/firefox-61.0.1+build1/ipc/chromium/src/chrome/common/ipc_channel_posix.cc, line 353
*** UTM:SVC TimerManager:registerTimer called after profile-before-change notification. Ignoring timer registration for id: telemetry_modules_ping
1534773728463	geckodriver	INFO	geckodriver 0.21.0
1534773728470	geckodriver	INFO	Listening on 127.0.0.1:60401
1534773729473	mozrunner::runner	INFO	Running command: "/usr/bin/firefox" "-marionette" "-foreground" "-no-remote" "-profile" "/tmp/rust_mozprofile.dUBVGLcnF2mM"
1534773733926	Marionette	INFO	Listening on port 34609
1534773734000	Marionette	WARN	TLS certificate errors will be ignored for this session
JavaScript warning: https://www.geeksforgeeks.org/wp-content/themes/iconic-one/js/gfg.min.js?ver=9.3, line 78: unreachable code after return statement
JavaScript error: https://www.geeksforgeeks.org/wp-content/themes/iconic-one/js/gfg.min.js?ver=9.3, line 62: TypeError: document.getElementById(...) is null
1534773785425	geckodriver	INFO	geckodriver 0.21.0
1534773785431	geckodriver	INFO	Listening on 127.0.0.1:37614
1534773785462	mozrunner::runner	INFO	Running command: "/usr/bin/firefox" "-marionette" "-foreground" "-no-remote" "-profile" "/tmp/rust_mozprofile.2jgH1tjiU50p"
1534773892000	geckodriver	INFO	geckodriver 0.21.0
1534773892007	geckodriver	INFO	Listening on 127.0.0.1:56875
1534773893009	mozrunner::runner	INFO	Running command: "/usr/bin/firefox" "-marionette" "-foreground" "-no-remote" "-profile" "/tmp/rust_mozprofile.LUJDqQZF1ohy"
1534773898234	Marionette	INFO	Listening on port 43640
1534773898409	Marionette	WARN	TLS certificate errors will be ignored for this session
JavaScript warning: https://www.geeksforgeeks.org/wp-content/themes/iconic-one/js/gfg.min.js?ver=9.3, line 78: unreachable code after return statement
JavaScript error: https://www.geeksforgeeks.org/wp-content/themes/iconic-one/js/gfg.min.js?ver=9.3, line 62: TypeError: document.getElementById(...) is null
JavaScript warning: https://www.geeksforgeeks.org/wp-content/themes/iconic-one/js/gfg.min.js?ver=9.3, line 78: unreachable code after return statement
JavaScript warning: https://www.geeksforgeeks.org/wp-content/themes/iconic-one/js/gfg.min.js?ver=9.3, line 78: unreachable code after return statement
JavaScript error: https://www.geeksforgeeks.org/wp-content/themes/iconic-one/js/gfg.min.js?ver=9.3, line 62: TypeError: document.getElementById(...) is null
JavaScript warning: https://www.geeksforgeeks.org/wp-content/themes/iconic-one/js/gfg.min.js?ver=9.3, line 78: unreachable code after return statement
JavaScript warning: https://www.geeksforgeeks.org/wp-content/themes/iconic-one/js/gfg.min.js?ver=9.3, line 78: unreachable code after return statement
JavaScript error: https://www.geeksforgeeks.org/wp-content/themes/iconic-one/js/gfg.min.js?ver=9.3, line 62: TypeError: document.getElementById(...) is null
JavaScript warning: https://www.geeksforgeeks.org/wp-content/themes/iconic-one/js/gfg.min.js?ver=9.3, line 78: unreachable code after return statement
[Parent 9398, Gecko_IOThread] WARNING: pipe error (46): Connection reset by peer: file /build/firefox-mWstsA/firefox-61.0.1+build1/ipc/chromium/src/chrome/common/ipc_channel_posix.cc, line 353
1534774170115	geckodriver	INFO	geckodriver 0.21.0
1534774170122	geckodriver	INFO	Listening on 127.0.0.1:60286
1534774171133	mozrunner::runner	INFO	Running command: "/usr/bin/firefox" "-marionette" "-foreground" "-no-remote" "-profile" "/tmp/rust_mozprofile.gNlFe6xStVqk"
1534774175974	Marionette	INFO	Listening on port 45031
1534774176081	Marionette	WARN	TLS certificate errors will be ignored for this session
JavaScript warning: https://www.geeksforgeeks.org/wp-content/themes/iconic-one/js/gfg.min.js?ver=9.3, line 78: unreachable code after return statement
JavaScript error: https://www.geeksforgeeks.org/wp-content/themes/iconic-one/js/gfg.min.js?ver=9.3, line 62: TypeError: document.getElementById(...) is null
JavaScript warning: https://www.geeksforgeeks.org/wp-content/themes/iconic-one/js/gfg.min.js?ver=9.3, line 78: unreachable code after return statement
[Parent 9902, Gecko_IOThread] WARNING: pipe error (95): Connection reset by peer: file /build/firefox-mWstsA/firefox-61.0.1+build1/ipc/chromium/src/chrome/common/ipc_channel_posix.cc, line 353
*** UTM:SVC TimerManager:registerTimer called after profile-before-change notification. Ignoring timer registration for id: telemetry_modules_ping
1534774349897	geckodriver	INFO	geckodriver 0.21.0
1534774349904	geckodriver	INFO	Listening on 127.0.0.1:46758
1534774350907	mozrunner::runner	INFO	Running command: "/usr/bin/firefox" "-marionette" "-foreground" "-no-remote" "-profile" "/tmp/rust_mozprofile.prC73zhkpbbc"
1534774355051	Marionette	INFO	Listening on port 35144
1534774355181	Marionette	WARN	TLS certificate errors will be ignored for this session
JavaScript warning: https://www.geeksforgeeks.org/wp-content/themes/iconic-one/js/gfg.min.js?ver=9.3, line 78: unreachable code after return statement
JavaScript error: https://www.geeksforgeeks.org/wp-content/themes/iconic-one/js/gfg.min.js?ver=9.3, line 62: TypeError: document.getElementById(...) is null
JavaScript warning: https://www.geeksforgeeks.org/wp-content/themes/iconic-one/js/gfg.min.js?ver=9.3, line 78: unreachable code after return statement
[Parent 10245, Gecko_IOThread] WARNING: pipe error (74): Connection reset by peer: file /build/firefox-mWstsA/firefox-61.0.1+build1/ipc/chromium/src/chrome/common/ipc_channel_posix.cc, line 353
*** UTM:SVC TimerManager:registerTimer called after profile-before-change notification. Ignoring timer registration for id: telemetry_modules_ping
1534774432252	geckodriver	INFO	geckodriver 0.21.0
1534774432259	geckodriver	INFO	Listening on 127.0.0.1:41231
1534774433262	mozrunner::runner	INFO	Running command: "/usr/bin/firefox" "-marionette" "-foreground" "-no-remote" "-profile" "/tmp/rust_mozprofile.itUMxQ8EgV14"
1534774437643	Marionette	INFO	Listening on port 39974
1534774437698	Marionette	WARN	TLS certificate errors will be ignored for this session
JavaScript warning: https://www.geeksforgeeks.org/wp-content/themes/iconic-one/js/gfg.min.js?ver=9.3, line 78: unreachable code after return statement
JavaScript error: https://www.geeksforgeeks.org/wp-content/themes/iconic-one/js/gfg.min.js?ver=9.3, line 62: TypeError: document.getElementById(...) is null
JavaScript warning: https://www.geeksforgeeks.org/wp-content/themes/iconic-one/js/gfg.min.js?ver=9.3, line 78: unreachable code after return statement
JavaScript warning: https://www.geeksforgeeks.org/wp-content/themes/iconic-one/js/gfg.min.js?ver=9.3, line 78: unreachable code after return statement
JavaScript error: https://www.geeksforgeeks.org/wp-content/themes/iconic-one/js/gfg.min.js?ver=9.3, line 62: TypeError: document.getElementById(...) is null
1534774639951	geckodriver	INFO	geckodriver 0.21.0
1534774639957	geckodriver	INFO	Listening on 127.0.0.1:45579
1534774639972	mozrunner::runner	INFO	Running command: "/usr/bin/firefox" "-marionette" "-foreground" "-no-remote" "-profile" "/tmp/rust_mozprofile.h4R7JnLRRMXE"
1534774644509	Marionette	INFO	Listening on port 33638
1534774644594	Marionette	WARN	TLS certificate errors will be ignored for this session
JavaScript warning: https://www.geeksforgeeks.org/wp-content/themes/iconic-one/js/gfg.min.js?ver=9.3, line 78: unreachable code after return statement
JavaScript warning: https://www.geeksforgeeks.org/wp-content/themes/iconic-one/js/gfg.min.js?ver=9.3, line 78: unreachable code after return statement
JavaScript warning: https://www.geeksforgeeks.org/wp-content/themes/iconic-one/js/gfg.min.js?ver=9.3, line 78: unreachable code after return statement
JavaScript error: https://www.geeksforgeeks.org/wp-content/themes/iconic-one/js/gfg.min.js?ver=9.3, line 62: TypeError: document.getElementById(...) is null
JavaScript warning: https://www.geeksforgeeks.org/wp-content/themes/iconic-one/js/gfg.min.js?ver=9.3, line 78: unreachable code after return statement
JavaScript warning: https://www.geeksforgeeks.org/wp-content/themes/iconic-one/js/gfg.min.js?ver=9.3, line 78: unreachable code after return statement
JavaScript error: https://www.geeksforgeeks.org/wp-content/themes/iconic-one/js/gfg.min.js?ver=9.3, line 62: TypeError: document.getElementById(...) is null
JavaScript warning: https://www.geeksforgeeks.org/wp-content/themes/iconic-one/js/gfg.min.js?ver=9.3, line 78: unreachable code after return statement
JavaScript error: resource:///modules/FormSubmitObserver.jsm, line 214: TypeError: this._mm is null

###!!! [Child][MessageChannel] Error: (msgtype=0x490006,name=PHttpChannel::Msg_Cancel) Channel closing: too late to send/recv, messages will be lost

[Parent 10804, Gecko_IOThread] WARNING: pipe error (66): Connection reset by peer: file /build/firefox-mWstsA/firefox-61.0.1+build1/ipc/chromium/src/chrome/common/ipc_channel_posix.cc, line 353
1534775535440	geckodriver	INFO	geckodriver 0.21.0
1534775535447	geckodriver	INFO	Listening on 127.0.0.1:39056
1534775535523	mozrunner::runner	INFO	Running command: "/usr/bin/firefox" "-marionette" "-foreground" "-no-remote" "-profile" "/tmp/rust_mozprofile.IPW2hx5KPRqR"
1534775540983	Marionette	INFO	Listening on port 44881
1534775541056	Marionette	WARN	TLS certificate errors will be ignored for this session
JavaScript warning: https://www.geeksforgeeks.org/wp-content/themes/iconic-one/js/gfg.min.js?ver=9.3, line 78: unreachable code after return statement
JavaScript error: https://www.geeksforgeeks.org/wp-content/themes/iconic-one/js/gfg.min.js?ver=9.3, line 62: TypeError: document.getElementById(...) is null
JavaScript warning: https://www.geeksforgeeks.org/wp-content/themes/iconic-one/js/gfg.min.js?ver=9.3, line 78: unreachable code after return statement
JavaScript warning: https://www.geeksforgeeks.org/wp-content/themes/iconic-one/js/gfg.min.js?ver=9.3, line 78: unreachable code after return statement
JavaScript error: https://www.geeksforgeeks.org/wp-content/themes/iconic-one/js/gfg.min.js?ver=9.3, line 62: TypeError: document.getElementById(...) is null
1534775596210	geckodriver	INFO	geckodriver 0.21.0
1534775596300	geckodriver	INFO	Listening on 127.0.0.1:48396
1534775597235	mozrunner::runner	INFO	Running command: "/usr/bin/firefox" "-marionette" "-foreground" "-no-remote" "-profile" "/tmp/rust_mozprofile.qpSs3zjOH9hs"
1534775601345	Marionette	INFO	Listening on port 46016
1534775601367	Marionette	WARN	TLS certificate errors will be ignored for this session
JavaScript warning: https://www.geeksforgeeks.org/wp-content/themes/iconic-one/js/gfg.min.js?ver=9.3, line 78: unreachable code after return statement
JavaScript warning: https://www.geeksforgeeks.org/wp-content/themes/iconic-one/js/gfg.min.js?ver=9.3, line 78: unreachable code after return statement
JavaScript warning: https://www.geeksforgeeks.org/wp-content/themes/iconic-one/js/gfg.min.js?ver=9.3, line 78: unreachable code after return statement
JavaScript error: https://www.geeksforgeeks.org/wp-content/themes/iconic-one/js/gfg.min.js?ver=9.3, line 62: TypeError: document.getElementById(...) is null

(firefox:11403): LIBDBUSMENU-GTK-CRITICAL **: dbusmenu_menuitem_property_set_shortcut: assertion 'gtk_accelerator_valid(key, modifier)' failed
JavaScript warning: https://www.geeksforgeeks.org/wp-content/themes/iconic-one/js/gfg.min.js?ver=9.3, line 78: unreachable code after return statement
1534776062052	geckodriver	INFO	geckodriver 0.21.0
1534776062149	geckodriver	INFO	Listening on 127.0.0.1:51305
1534776063243	mozrunner::runner	INFO	Running command: "/usr/bin/firefox" "-marionette" "-foreground" "-no-remote" "-profile" "/tmp/rust_mozprofile.lQKeg7O9xV7Y"
1534776076058	Marionette	INFO	Listening on port 34093
1534776076098	Marionette	WARN	TLS certificate errors will be ignored for this session
JavaScript warning: https://www.geeksforgeeks.org/wp-content/themes/iconic-one/js/gfg.min.js?ver=9.3, line 78: unreachable code after return statement
JavaScript error: https://www.geeksforgeeks.org/wp-content/themes/iconic-one/js/gfg.min.js?ver=9.3, line 62: TypeError: document.getElementById(...) is null
JavaScript warning: https://www.geeksforgeeks.org/wp-content/themes/iconic-one/js/gfg.min.js?ver=9.3, line 78: unreachable code after return statement
JavaScript warning: https://www.geeksforgeeks.org/wp-content/themes/iconic-one/js/gfg.min.js?ver=9.3, line 78: unreachable code after return statement
JavaScript error: https://www.geeksforgeeks.org/wp-content/themes/iconic-one/js/gfg.min.js?ver=9.3, line 62: TypeError: document.getElementById(...) is null
1534776123981	geckodriver	INFO	geckodriver 0.21.0
1534776123987	geckodriver	INFO	Listening on 127.0.0.1:48678
1534776123992	mozrunner::runner	INFO	Running command: "/usr/bin/firefox" "-marionette" "-foreground" "-no-remote" "-profile" "/tmp/rust_mozprofile.af6AvzrfmlM1"
1534776128287	Marionette	INFO	Listening on port 46255
1534776128310	Marionette	WARN	TLS certificate errors will be ignored for this session
JavaScript warning: https://www.geeksforgeeks.org/wp-content/themes/iconic-one/js/gfg.min.js?ver=9.3, line 78: unreachable code after return statement
JavaScript error: https://www.geeksforgeeks.org/wp-content/themes/iconic-one/js/gfg.min.js?ver=9.3, line 62: TypeError: document.getElementById(...) is null
JavaScript warning: https://www.geeksforgeeks.org/wp-content/themes/iconic-one/js/gfg.min.js?ver=9.3, line 78: unreachable code after return statement
JavaScript warning: https://www.geeksforgeeks.org/wp-content/themes/iconic-one/js/gfg.min.js?ver=9.3, line 78: unreachable code after return statement
JavaScript error: https://www.geeksforgeeks.org/wp-content/themes/iconic-one/js/gfg.min.js?ver=9.3, line 62: TypeError: document.getElementById(...) is null

(firefox:12566): LIBDBUSMENU-GTK-CRITICAL **: dbusmenu_menuitem_property_set_shortcut: assertion 'gtk_accelerator_valid(key, modifier)' failed
JavaScript warning: https://www.geeksforgeeks.org/wp-content/themes/iconic-one/js/gfg.min.js?ver=9.3, line 78: unreachable code after return statement
[Parent 12566, Gecko_IOThread] WARNING: pipe error (68): Connection reset by peer: file /build/firefox-mWstsA/firefox-61.0.1+build1/ipc/chromium/src/chrome/common/ipc_channel_posix.cc, line 353
1534776200543	geckodriver	INFO	geckodriver 0.21.0
1534776200550	geckodriver	INFO	Listening on 127.0.0.1:35639
1534776200570	mozrunner::runner	INFO	Running command: "/usr/bin/firefox" "-marionette" "-foreground" "-no-remote" "-profile" "/tmp/rust_mozprofile.DZyQJfTZsWNe"
1534776205889	Marionette	INFO	Listening on port 42221
1534776205994	Marionette	WARN	TLS certificate errors will be ignored for this session
JavaScript warning: https://www.geeksforgeeks.org/wp-content/themes/iconic-one/js/gfg.min.js?ver=9.3, line 78: unreachable code after return statement
JavaScript error: https://www.geeksforgeeks.org/wp-content/themes/iconic-one/js/gfg.min.js?ver=9.3, line 62: TypeError: document.getElementById(...) is null
JavaScript warning: https://www.geeksforgeeks.org/wp-content/themes/iconic-one/js/gfg.min.js?ver=9.3, line 78: unreachable code after return statement
JavaScript warning: https://www.geeksforgeeks.org/wp-content/themes/iconic-one/js/gfg.min.js?ver=9.3, line 78: unreachable code after return statement
JavaScript error: https://www.geeksforgeeks.org/wp-content/themes/iconic-one/js/gfg.min.js?ver=9.3, line 62: TypeError: document.getElementById(...) is null
JavaScript warning: https://www.geeksforgeeks.org/wp-content/themes/iconic-one/js/gfg.min.js?ver=9.3, line 78: unreachable code after return statement
JavaScript warning: https://www.geeksforgeeks.org/wp-content/themes/iconic-one/js/gfg.min.js?ver=9.3, line 78: unreachable code after return statement
JavaScript error: https://www.geeksforgeeks.org/wp-content/themes/iconic-one/js/gfg.min.js?ver=9.3, line 62: TypeError: document.getElementById(...) is null
JavaScript warning: https://www.geeksforgeeks.org/wp-content/themes/iconic-one/js/gfg.min.js?ver=9.3, line 78: unreachable code after return statement
JavaScript warning: https://www.geeksforgeeks.org/wp-content/themes/iconic-one/js/gfg.min.js?ver=9.3, line 78: unreachable code after return statement
JavaScript warning: https://www.geeksforgeeks.org/wp-content/themes/iconic-one/js/gfg.min.js?ver=9.3, line 78: unreachable code after return statement
JavaScript warning: https://www.geeksforgeeks.org/wp-content/themes/iconic-one/js/gfg.min.js?ver=9.3, line 78: unreachable code after return statement
JavaScript error: https://www.geeksforgeeks.org/wp-content/themes/iconic-one/js/gfg.min.js?ver=9.3, line 62: TypeError: document.getElementById(...) is null

(firefox:12842): LIBDBUSMENU-GTK-CRITICAL **: dbusmenu_menuitem_property_set_shortcut: assertion 'gtk_accelerator_valid(key, modifier)' failed
JavaScript warning: https://www.geeksforgeeks.org/wp-content/themes/iconic-one/js/gfg.min.js?ver=9.3, line 78: unreachable code after return statement
[Parent 12842, Gecko_IOThread] WARNING: pipe error (55): Connection reset by peer: file /build/firefox-mWstsA/firefox-61.0.1+build1/ipc/chromium/src/chrome/common/ipc_channel_posix.cc, line 353

(firefox:12281): LIBDBUSMENU-GTK-CRITICAL **: dbusmenu_menuitem_property_set_shortcut: assertion 'gtk_accelerator_valid(key, modifier)' failed
JavaScript warning: https://www.geeksforgeeks.org/wp-content/themes/iconic-one/js/gfg.min.js?ver=9.3, line 78: unreachable code after return statement
[Parent 12281, Gecko_IOThread] WARNING: pipe error (66): Connection reset by peer: file /build/firefox-mWstsA/firefox-61.0.1+build1/ipc/chromium/src/chrome/common/ipc_channel_posix.cc, line 353
1534776379635	geckodriver	INFO	geckodriver 0.21.0
1534776379643	geckodriver	INFO	Listening on 127.0.0.1:47803
1534776379655	mozrunner::runner	INFO	Running command: "/usr/bin/firefox" "-marionette" "-foreground" "-no-remote" "-profile" "/tmp/rust_mozprofile.tfdHPssP0goS"
1534776384702	Marionette	INFO	Listening on port 43997
1534776384771	Marionette	WARN	TLS certificate errors will be ignored for this session
JavaScript warning: https://www.geeksforgeeks.org/wp-content/themes/iconic-one/js/gfg.min.js?ver=9.3, line 78: unreachable code after return statement
JavaScript error: https://www.geeksforgeeks.org/wp-content/themes/iconic-one/js/gfg.min.js?ver=9.3, line 62: TypeError: document.getElementById(...) is null
JavaScript warning: https://www.geeksforgeeks.org/wp-content/themes/iconic-one/js/gfg.min.js?ver=9.3, line 78: unreachable code after return statement
JavaScript warning: https://www.geeksforgeeks.org/wp-content/themes/iconic-one/js/gfg.min.js?ver=9.3, line 78: unreachable code after return statement
JavaScript error: https://www.geeksforgeeks.org/wp-content/themes/iconic-one/js/gfg.min.js?ver=9.3, line 62: TypeError: document.getElementById(...) is null
JavaScript warning: https://www.geeksforgeeks.org/wp-content/themes/iconic-one/js/gfg.min.js?ver=9.3, line 78: unreachable code after return statement
JavaScript error: https://www.geeksforgeeks.org/wp-content/themes/iconic-one/js/gfg.min.js?ver=9.3, line 62: TypeError: document.getElementById(...) is null
JavaScript warning: https://www.geeksforgeeks.org/wp-content/themes/iconic-one/js/gfg.min.js?ver=9.3, line 78: unreachable code after return statement
JavaScript error: https://practice.geeksforgeeks.org/problems/closest-palindrome/0, line 1297: SyntaxError: expected expression, got ';'

(firefox:13193): LIBDBUSMENU-GTK-CRITICAL **: dbusmenu_menuitem_property_set_shortcut: assertion 'gtk_accelerator_valid(key, modifier)' failed
1534776521086	geckodriver	INFO	geckodriver 0.21.0
1534776521093	geckodriver	INFO	Listening on 127.0.0.1:52324
1534776522096	mozrunner::runner	INFO	Running command: "/usr/bin/firefox" "-marionette" "-foreground" "-no-remote" "-profile" "/tmp/rust_mozprofile.VcjXuaJ48ODO"
1534776525802	Marionette	INFO	Listening on port 42365
1534776525816	Marionette	WARN	TLS certificate errors will be ignored for this session
JavaScript warning: https://www.geeksforgeeks.org/wp-content/themes/iconic-one/js/gfg.min.js?ver=9.3, line 78: unreachable code after return statement
JavaScript error: https://www.geeksforgeeks.org/wp-content/themes/iconic-one/js/gfg.min.js?ver=9.3, line 62: TypeError: document.getElementById(...) is null
JavaScript warning: https://www.geeksforgeeks.org/wp-content/themes/iconic-one/js/gfg.min.js?ver=9.3, line 78: unreachable code after return statement
JavaScript warning: https://www.geeksforgeeks.org/wp-content/themes/iconic-one/js/gfg.min.js?ver=9.3, line 78: unreachable code after return statement
JavaScript error: https://www.geeksforgeeks.org/wp-content/themes/iconic-one/js/gfg.min.js?ver=9.3, line 62: TypeError: document.getElementById(...) is null

(firefox:13560): LIBDBUSMENU-GTK-CRITICAL **: dbusmenu_menuitem_property_set_shortcut: assertion 'gtk_accelerator_valid(key, modifier)' failed
JavaScript warning: https://www.geeksforgeeks.org/wp-content/themes/iconic-one/js/gfg.min.js?ver=9.3, line 78: unreachable code after return statement
JavaScript warning: https://www.geeksforgeeks.org/wp-content/themes/iconic-one/js/gfg.min.js?ver=9.3, line 78: unreachable code after return statement
JavaScript error: https://www.geeksforgeeks.org/wp-content/themes/iconic-one/js/gfg.min.js?ver=9.3, line 62: TypeError: document.getElementById(...) is null
JavaScript warning: https://www.geeksforgeeks.org/wp-content/themes/iconic-one/js/gfg.min.js?ver=9.3, line 78: unreachable code after return statement
1534777070309	geckodriver	INFO	geckodriver 0.21.0
1534777070445	geckodriver	INFO	Listening on 127.0.0.1:39993
1534777070580	mozrunner::runner	INFO	Running command: "/usr/bin/firefox" "-marionette" "-foreground" "-no-remote" "-profile" "/tmp/rust_mozprofile.OFw13NzDcLno"
1534777091864	Marionette	INFO	Listening on port 41934
1534777092002	Marionette	WARN	TLS certificate errors will be ignored for this session
JavaScript warning: https://www.geeksforgeeks.org/wp-content/themes/iconic-one/js/gfg.min.js?ver=9.3, line 78: unreachable code after return statement
JavaScript error: https://www.geeksforgeeks.org/wp-content/themes/iconic-one/js/gfg.min.js?ver=9.3, line 62: TypeError: document.getElementById(...) is null
JavaScript warning: https://www.geeksforgeeks.org/wp-content/themes/iconic-one/js/gfg.min.js?ver=9.3, line 78: unreachable code after return statement
JavaScript warning: https://www.geeksforgeeks.org/wp-content/themes/iconic-one/js/gfg.min.js?ver=9.3, line 78: unreachable code after return statement
JavaScript error: https://www.geeksforgeeks.org/wp-content/themes/iconic-one/js/gfg.min.js?ver=9.3, line 62: TypeError: document.getElementById(...) is null
JavaScript warning: https://www.geeksforgeeks.org/wp-content/themes/iconic-one/js/gfg.min.js?ver=9.3, line 78: unreachable code after return statement
JavaScript warning: https://www.geeksforgeeks.org/wp-content/themes/iconic-one/js/gfg.min.js?ver=9.3, line 78: unreachable code after return statement
JavaScript error: https://www.geeksforgeeks.org/wp-content/themes/iconic-one/js/gfg.min.js?ver=9.3, line 62: TypeError: document.getElementById(...) is null
JavaScript warning: https://www.geeksforgeeks.org/wp-content/themes/iconic-one/js/gfg.min.js?ver=9.3, line 78: unreachable code after return statement
JavaScript warning: https://www.geeksforgeeks.org/wp-content/themes/iconic-one/js/gfg.min.js?ver=9.3, line 78: unreachable code after return statement
JavaScript warning: https://www.geeksforgeeks.org/wp-content/themes/iconic-one/js/gfg.min.js?ver=9.3, line 78: unreachable code after return statement
JavaScript warning: https://www.geeksforgeeks.org/wp-content/themes/iconic-one/js/gfg.min.js?ver=9.3, line 78: unreachable code after return statement
JavaScript error: https://www.geeksforgeeks.org/wp-content/themes/iconic-one/js/gfg.min.js?ver=9.3, line 62: TypeError: document.getElementById(...) is null
JavaScript warning: https://www.geeksforgeeks.org/wp-content/themes/iconic-one/js/gfg.min.js?ver=9.3, line 78: unreachable code after return statement
JavaScript warning: https://www.geeksforgeeks.org/wp-content/themes/iconic-one/js/gfg.min.js?ver=9.3, line 78: unreachable code after return statement
JavaScript error: https://www.geeksforgeeks.org/wp-content/themes/iconic-one/js/gfg.min.js?ver=9.3, line 62: TypeError: document.getElementById(...) is null

(firefox:14022): LIBDBUSMENU-GTK-CRITICAL **: dbusmenu_menuitem_property_set_shortcut: assertion 'gtk_accelerator_valid(key, modifier)' failed
JavaScript warning: https://www.geeksforgeeks.org/wp-content/themes/iconic-one/js/gfg.min.js?ver=9.3, line 78: unreachable code after return statement
JavaScript error: https://www.geeksforgeeks.org/wp-content/themes/iconic-one/js/gfg.min.js?ver=9.3, line 62: TypeError: document.getElementById(...) is null
JavaScript warning: https://www.geeksforgeeks.org/wp-content/themes/iconic-one/js/gfg.min.js?ver=9.3, line 78: unreachable code after return statement

###!!! [Child][RunMessage] Error: Channel closing: too late to send/recv, messages will be lost


###!!! [Child][RunMessage] Error: Channel closing: too late to send/recv, messages will be lost


###!!! [Child][RunMessage] Error: Channel closing: too late to send/recv, messages will be lost


###!!! [Child][RunMessage] Error: Channel closing: too late to send/recv, messages will be lost


###!!! [Child][RunMessage] Error: Channel closing: too late to send/recv, messages will be lost


###!!! [Child][RunMessage] Error: Channel closing: too late to send/recv, messages will be lost


###!!! [Child][RunMessage] Error: Channel closing: too late to send/recv, messages will be lost


###!!! [Child][RunMessage] Error: Channel closing: too late to send/recv, messages will be lost


###!!! [Child][RunMessage] Error: Channel closing: too late to send/recv, messages will be lost

1534777277708	geckodriver	INFO	geckodriver 0.21.0
1534777277719	geckodriver	INFO	Listening on 127.0.0.1:55553
1534777277872	mozrunner::runner	INFO	Running command: "/usr/bin/firefox" "-marionette" "-foreground" "-no-remote" "-profile" "/tmp/rust_mozprofile.dXLMZqJ0Kero"
1534777283521	Marionette	INFO	Listening on port 45671
1534777283600	Marionette	WARN	TLS certificate errors will be ignored for this session

(firefox:14423): LIBDBUSMENU-GTK-CRITICAL **: dbusmenu_menuitem_property_set_shortcut: assertion 'gtk_accelerator_valid(key, modifier)' failed
JavaScript warning: https://www.geeksforgeeks.org/wp-content/themes/iconic-one/js/gfg.min.js?ver=9.3, line 78: unreachable code after return statement
JavaScript error: https://www.geeksforgeeks.org/wp-content/themes/iconic-one/js/gfg.min.js?ver=9.3, line 62: TypeError: document.getElementById(...) is null
JavaScript warning: https://www.geeksforgeeks.org/wp-content/themes/iconic-one/js/gfg.min.js?ver=9.3, line 78: unreachable code after return statement
JavaScript warning: https://www.geeksforgeeks.org/wp-content/themes/iconic-one/js/gfg.min.js?ver=9.3, line 78: unreachable code after return statement
JavaScript error: https://www.geeksforgeeks.org/wp-content/themes/iconic-one/js/gfg.min.js?ver=9.3, line 62: TypeError: document.getElementById(...) is null
JavaScript warning: https://www.geeksforgeeks.org/wp-content/themes/iconic-one/js/gfg.min.js?ver=9.3, line 78: unreachable code after return statement
JavaScript warning: https://www.geeksforgeeks.org/wp-content/themes/iconic-one/js/gfg.min.js?ver=9.3, line 78: unreachable code after return statement
JavaScript error: https://www.geeksforgeeks.org/wp-content/themes/iconic-one/js/gfg.min.js?ver=9.3, line 62: TypeError: document.getElementById(...) is null
JavaScript warning: https://www.geeksforgeeks.org/wp-content/themes/iconic-one/js/gfg.min.js?ver=9.3, line 78: unreachable code after return statement
JavaScript warning: https://www.geeksforgeeks.org/wp-content/themes/iconic-one/js/gfg.min.js?ver=9.3, line 78: unreachable code after return statement
JavaScript warning: https://www.geeksforgeeks.org/wp-content/themes/iconic-one/js/gfg.min.js?ver=9.3, line 78: unreachable code after return statement
JavaScript warning: https://www.geeksforgeeks.org/wp-content/themes/iconic-one/js/gfg.min.js?ver=9.3, line 78: unreachable code after return statement
JavaScript error: https://www.geeksforgeeks.org/wp-content/themes/iconic-one/js/gfg.min.js?ver=9.3, line 62: TypeError: document.getElementById(...) is null
1534778033425	geckodriver	INFO	geckodriver 0.21.0
1534778033527	geckodriver	INFO	Listening on 127.0.0.1:54210
1534778034647	mozrunner::runner	INFO	Running command: "/usr/bin/firefox" "-marionette" "-foreground" "-no-remote" "-profile" "/tmp/rust_mozprofile.m1xh1gi9AH1T"
1534778047097	Marionette	INFO	Listening on port 45900
1534778047120	Marionette	WARN	TLS certificate errors will be ignored for this session
JavaScript warning: https://www.geeksforgeeks.org/wp-content/themes/iconic-one/js/gfg.min.js?ver=9.3, line 78: unreachable code after return statement
JavaScript error: https://www.geeksforgeeks.org/wp-content/themes/iconic-one/js/gfg.min.js?ver=9.3, line 62: TypeError: document.getElementById(...) is null
JavaScript warning: https://www.geeksforgeeks.org/wp-content/themes/iconic-one/js/gfg.min.js?ver=9.3, line 78: unreachable code after return statement
JavaScript warning: https://www.geeksforgeeks.org/wp-content/themes/iconic-one/js/gfg.min.js?ver=9.3, line 78: unreachable code after return statement
JavaScript error: https://www.geeksforgeeks.org/wp-content/themes/iconic-one/js/gfg.min.js?ver=9.3, line 62: TypeError: document.getElementById(...) is null
JavaScript warning: https://www.geeksforgeeks.org/wp-content/themes/iconic-one/js/gfg.min.js?ver=9.3, line 78: unreachable code after return statement
JavaScript warning: https://www.geeksforgeeks.org/wp-content/themes/iconic-one/js/gfg.min.js?ver=9.3, line 78: unreachable code after return statement
JavaScript error: https://www.geeksforgeeks.org/wp-content/themes/iconic-one/js/gfg.min.js?ver=9.3, line 62: TypeError: document.getElementById(...) is null
JavaScript warning: https://www.geeksforgeeks.org/wp-content/themes/iconic-one/js/gfg.min.js?ver=9.3, line 78: unreachable code after return statement
JavaScript warning: https://www.geeksforgeeks.org/wp-content/themes/iconic-one/js/gfg.min.js?ver=9.3, line 78: unreachable code after return statement
JavaScript warning: https://www.geeksforgeeks.org/wp-content/themes/iconic-one/js/gfg.min.js?ver=9.3, line 78: unreachable code after return statement
JavaScript warning: https://www.geeksforgeeks.org/wp-content/themes/iconic-one/js/gfg.min.js?ver=9.3, line 78: unreachable code after return statement
JavaScript error: https://www.geeksforgeeks.org/wp-content/themes/iconic-one/js/gfg.min.js?ver=9.3, line 62: TypeError: document.getElementById(...) is null
JavaScript warning: https://www.geeksforgeeks.org/wp-content/themes/iconic-one/js/gfg.min.js?ver=9.3, line 78: unreachable code after return statement
JavaScript warning: https://www.geeksforgeeks.org/wp-content/themes/iconic-one/js/gfg.min.js?ver=9.3, line 78: unreachable code after return statement
[Child 15142, Chrome_ChildThread] WARNING: pipe error (23): Connection reset by peer: file /build/firefox-mWstsA/firefox-61.0.1+build1/ipc/chromium/src/chrome/common/ipc_channel_posix.cc, line 353
[Child 15142, Chrome_ChildThread] WARNING: pipe error (3): Connection reset by peer: file /build/firefox-mWstsA/firefox-61.0.1+build1/ipc/chromium/src/chrome/common/ipc_channel_posix.cc, line 353
1534778169949	geckodriver	INFO	geckodriver 0.21.0
1534778169957	geckodriver	INFO	Listening on 127.0.0.1:58218
1534778170985	mozrunner::runner	INFO	Running command: "/usr/bin/firefox" "-marionette" "-foreground" "-no-remote" "-profile" "/tmp/rust_mozprofile.UrZuEAVQ5GR2"
1534778177074	Marionette	INFO	Listening on port 43968
1534778177114	Marionette	WARN	TLS certificate errors will be ignored for this session
JavaScript warning: https://www.geeksforgeeks.org/wp-content/themes/iconic-one/js/gfg.min.js?ver=9.3, line 78: unreachable code after return statement
JavaScript error: https://www.geeksforgeeks.org/wp-content/themes/iconic-one/js/gfg.min.js?ver=9.3, line 62: TypeError: document.getElementById(...) is null
JavaScript warning: https://www.geeksforgeeks.org/wp-content/themes/iconic-one/js/gfg.min.js?ver=9.3, line 78: unreachable code after return statement
JavaScript warning: https://www.geeksforgeeks.org/wp-content/themes/iconic-one/js/gfg.min.js?ver=9.3, line 78: unreachable code after return statement
JavaScript error: https://www.geeksforgeeks.org/wp-content/themes/iconic-one/js/gfg.min.js?ver=9.3, line 62: TypeError: document.getElementById(...) is null
JavaScript warning: https://www.geeksforgeeks.org/wp-content/themes/iconic-one/js/gfg.min.js?ver=9.3, line 78: unreachable code after return statement
JavaScript warning: https://www.geeksforgeeks.org/wp-content/themes/iconic-one/js/gfg.min.js?ver=9.3, line 78: unreachable code after return statement
JavaScript error: https://www.geeksforgeeks.org/wp-content/themes/iconic-one/js/gfg.min.js?ver=9.3, line 62: TypeError: document.getElementById(...) is null
JavaScript warning: https://www.geeksforgeeks.org/wp-content/themes/iconic-one/js/gfg.min.js?ver=9.3, line 78: unreachable code after return statement
JavaScript warning: https://www.geeksforgeeks.org/wp-content/themes/iconic-one/js/gfg.min.js?ver=9.3, line 78: unreachable code after return statement
JavaScript warning: https://www.geeksforgeeks.org/wp-content/themes/iconic-one/js/gfg.min.js?ver=9.3, line 78: unreachable code after return statement
JavaScript warning: https://www.geeksforgeeks.org/wp-content/themes/iconic-one/js/gfg.min.js?ver=9.3, line 78: unreachable code after return statement
JavaScript error: https://www.geeksforgeeks.org/wp-content/themes/iconic-one/js/gfg.min.js?ver=9.3, line 62: TypeError: document.getElementById(...) is null
JavaScript warning: https://www.geeksforgeeks.org/wp-content/themes/iconic-one/js/gfg.min.js?ver=9.3, line 78: unreachable code after return statement
JavaScript warning: https://www.geeksforgeeks.org/wp-content/themes/iconic-one/js/gfg.min.js?ver=9.3, line 78: unreachable code after return statement
JavaScript warning: https://www.geeksforgeeks.org/wp-content/themes/iconic-one/js/gfg.min.js?ver=9.3, line 78: unreachable code after return statement
JavaScript warning: https://www.geeksforgeeks.org/wp-content/themes/iconic-one/js/gfg.min.js?ver=9.3, line 78: unreachable code after return statement
JavaScript error: https://www.geeksforgeeks.org/wp-content/themes/iconic-one/js/gfg.min.js?ver=9.3, line 62: TypeError: document.getElementById(...) is null
JavaScript warning: https://www.geeksforgeeks.org/wp-content/themes/iconic-one/js/gfg.min.js?ver=9.3, line 78: unreachable code after return statement
JavaScript warning: https://www.geeksforgeeks.org/wp-content/themes/iconic-one/js/gfg.min.js?ver=9.3, line 78: unreachable code after return statement
JavaScript warning: https://www.geeksforgeeks.org/wp-content/themes/iconic-one/js/gfg.min.js?ver=9.3, line 78: unreachable code after return statement
JavaScript warning: https://www.geeksforgeeks.org/wp-content/themes/iconic-one/js/gfg.min.js?ver=9.3, line 78: unreachable code after return statement
JavaScript error: https://www.geeksforgeeks.org/wp-content/themes/iconic-one/js/gfg.min.js?ver=9.3, line 62: TypeError: document.getElementById(...) is null
JavaScript warning: https://www.geeksforgeeks.org/wp-content/themes/iconic-one/js/gfg.min.js?ver=9.3, line 78: unreachable code after return statement
JavaScript warning: https://www.geeksforgeeks.org/wp-content/themes/iconic-one/js/gfg.min.js?ver=9.3, line 78: unreachable code after return statement
[Child 15457, Chrome_ChildThread] WARNING: pipe error (3): Connection reset by peer: file /build/firefox-mWstsA/firefox-61.0.1+build1/ipc/chromium/src/chrome/common/ipc_channel_posix.cc, line 353
1534778396676	geckodriver	INFO	geckodriver 0.21.0
1534778396682	geckodriver	INFO	Listening on 127.0.0.1:33497
1534778396740	mozrunner::runner	INFO	Running command: "/usr/bin/firefox" "-marionette" "-foreground" "-no-remote" "-profile" "/tmp/rust_mozprofile.TX9lo9fnbHTA"
1534778406139	Marionette	INFO	Listening on port 44868
1534778406201	Marionette	WARN	TLS certificate errors will be ignored for this session
JavaScript warning: https://www.geeksforgeeks.org/wp-content/themes/iconic-one/js/gfg.min.js?ver=9.3, line 78: unreachable code after return statement
JavaScript error: https://www.geeksforgeeks.org/wp-content/themes/iconic-one/js/gfg.min.js?ver=9.3, line 62: TypeError: document.getElementById(...) is null
JavaScript warning: https://www.geeksforgeeks.org/wp-content/themes/iconic-one/js/gfg.min.js?ver=9.3, line 78: unreachable code after return statement
JavaScript warning: https://www.geeksforgeeks.org/wp-content/themes/iconic-one/js/gfg.min.js?ver=9.3, line 78: unreachable code after return statement
JavaScript error: https://www.geeksforgeeks.org/wp-content/themes/iconic-one/js/gfg.min.js?ver=9.3, line 62: TypeError: document.getElementById(...) is null
JavaScript warning: https://www.geeksforgeeks.org/wp-content/themes/iconic-one/js/gfg.min.js?ver=9.3, line 78: unreachable code after return statement
JavaScript warning: https://www.geeksforgeeks.org/wp-content/themes/iconic-one/js/gfg.min.js?ver=9.3, line 78: unreachable code after return statement
JavaScript error: https://www.geeksforgeeks.org/wp-content/themes/iconic-one/js/gfg.min.js?ver=9.3, line 62: TypeError: document.getElementById(...) is null
JavaScript warning: https://www.geeksforgeeks.org/wp-content/themes/iconic-one/js/gfg.min.js?ver=9.3, line 78: unreachable code after return statement

(firefox:15681): LIBDBUSMENU-GTK-CRITICAL **: dbusmenu_menuitem_property_set_shortcut: assertion 'gtk_accelerator_valid(key, modifier)' failed
JavaScript warning: https://www.geeksforgeeks.org/wp-content/themes/iconic-one/js/gfg.min.js?ver=9.3, line 78: unreachable code after return statement
JavaScript error: https://www.geeksforgeeks.org/wp-content/themes/iconic-one/js/gfg.min.js?ver=9.3, line 62: TypeError: document.getElementById(...) is null
1534778535869	geckodriver	INFO	geckodriver 0.21.0
1534778535875	geckodriver	INFO	Listening on 127.0.0.1:40476
1534778536878	mozrunner::runner	INFO	Running command: "/usr/bin/firefox" "-marionette" "-foreground" "-no-remote" "-profile" "/tmp/rust_mozprofile.6B1FYFUjnVAG"
1534778540831	Marionette	INFO	Listening on port 33835
1534778540925	Marionette	WARN	TLS certificate errors will be ignored for this session
JavaScript warning: https://www.geeksforgeeks.org/wp-content/themes/iconic-one/js/gfg.min.js?ver=9.3, line 78: unreachable code after return statement
JavaScript error: https://www.geeksforgeeks.org/wp-content/themes/iconic-one/js/gfg.min.js?ver=9.3, line 62: TypeError: document.getElementById(...) is null
JavaScript warning: https://www.geeksforgeeks.org/wp-content/themes/iconic-one/js/gfg.min.js?ver=9.3, line 78: unreachable code after return statement
JavaScript warning: https://www.geeksforgeeks.org/wp-content/themes/iconic-one/js/gfg.min.js?ver=9.3, line 78: unreachable code after return statement
JavaScript error: https://www.geeksforgeeks.org/wp-content/themes/iconic-one/js/gfg.min.js?ver=9.3, line 62: TypeError: document.getElementById(...) is null

(firefox:15984): LIBDBUSMENU-GTK-CRITICAL **: dbusmenu_menuitem_property_set_shortcut: assertion 'gtk_accelerator_valid(key, modifier)' failed
JavaScript warning: https://www.geeksforgeeks.org/wp-content/themes/iconic-one/js/gfg.min.js?ver=9.3, line 78: unreachable code after return statement
JavaScript warning: https://www.geeksforgeeks.org/wp-content/themes/iconic-one/js/gfg.min.js?ver=9.3, line 78: unreachable code after return statement
JavaScript error: https://www.geeksforgeeks.org/wp-content/themes/iconic-one/js/gfg.min.js?ver=9.3, line 62: TypeError: document.getElementById(...) is null
JavaScript warning: https://www.geeksforgeeks.org/wp-content/themes/iconic-one/js/gfg.min.js?ver=9.3, line 78: unreachable code after return statement
JavaScript warning: https://www.geeksforgeeks.org/wp-content/themes/iconic-one/js/gfg.min.js?ver=9.3, line 78: unreachable code after return statement
JavaScript error: https://www.geeksforgeeks.org/wp-content/themes/iconic-one/js/gfg.min.js?ver=9.3, line 62: TypeError: document.getElementById(...) is null
JavaScript warning: https://www.geeksforgeeks.org/wp-content/themes/iconic-one/js/gfg.min.js?ver=9.3, line 78: unreachable code after return statement
JavaScript warning: https://www.geeksforgeeks.org/wp-content/themes/iconic-one/js/gfg.min.js?ver=9.3, line 78: unreachable code after return statement
JavaScript error: https://www.geeksforgeeks.org/wp-content/themes/iconic-one/js/gfg.min.js?ver=9.3, line 62: TypeError: document.getElementById(...) is null
JavaScript warning: https://www.geeksforgeeks.org/wp-content/themes/iconic-one/js/gfg.min.js?ver=9.3, line 78: unreachable code after return statement
JavaScript warning: https://www.geeksforgeeks.org/wp-content/themes/iconic-one/js/gfg.min.js?ver=9.3, line 78: unreachable code after return statement
JavaScript error: https://www.geeksforgeeks.org/wp-content/themes/iconic-one/js/gfg.min.js?ver=9.3, line 62: TypeError: document.getElementById(...) is null
JavaScript warning: https://www.geeksforgeeks.org/wp-content/themes/iconic-one/js/gfg.min.js?ver=9.3, line 78: unreachable code after return statement
JavaScript warning: https://www.geeksforgeeks.org/wp-content/themes/iconic-one/js/gfg.min.js?ver=9.3, line 78: unreachable code after return statement
JavaScript error: https://www.geeksforgeeks.org/wp-content/themes/iconic-one/js/gfg.min.js?ver=9.3, line 62: TypeError: document.getElementById(...) is null
JavaScript warning: https://www.geeksforgeeks.org/wp-content/themes/iconic-one/js/gfg.min.js?ver=9.3, line 78: unreachable code after return statement
JavaScript warning: https://www.geeksforgeeks.org/wp-content/themes/iconic-one/js/gfg.min.js?ver=9.3, line 78: unreachable code after return statement
JavaScript error: https://www.geeksforgeeks.org/wp-content/themes/iconic-one/js/gfg.min.js?ver=9.3, line 62: TypeError: document.getElementById(...) is null
JavaScript warning: https://www.geeksforgeeks.org/wp-content/themes/iconic-one/js/gfg.min.js?ver=9.3, line 78: unreachable code after return statement
JavaScript warning: https://www.geeksforgeeks.org/wp-content/themes/iconic-one/js/gfg.min.js?ver=9.3, line 78: unreachable code after return statement
JavaScript error: https://www.geeksforgeeks.org/wp-content/themes/iconic-one/js/gfg.min.js?ver=9.3, line 62: TypeError: document.getElementById(...) is null
JavaScript warning: https://www.geeksforgeeks.org/wp-content/themes/iconic-one/js/gfg.min.js?ver=9.3, line 78: unreachable code after return statement
JavaScript warning: https://www.geeksforgeeks.org/wp-content/themes/iconic-one/js/gfg.min.js?ver=9.3, line 78: unreachable code after return statement
JavaScript error: https://www.geeksforgeeks.org/wp-content/themes/iconic-one/js/gfg.min.js?ver=9.3, line 62: TypeError: document.getElementById(...) is null
JavaScript warning: https://www.geeksforgeeks.org/wp-content/themes/iconic-one/js/gfg.min.js?ver=9.3, line 78: unreachable code after return statement
JavaScript warning: https://www.geeksforgeeks.org/wp-content/themes/iconic-one/js/gfg.min.js?ver=9.3, line 78: unreachable code after return statement
JavaScript error: https://www.geeksforgeeks.org/wp-content/themes/iconic-one/js/gfg.min.js?ver=9.3, line 62: TypeError: document.getElementById(...) is null
JavaScript warning: https://www.geeksforgeeks.org/wp-content/themes/iconic-one/js/gfg.min.js?ver=9.3, line 78: unreachable code after return statement
JavaScript error: https://s0.2mdn.net/sadbundle/18243884529297129472/468x60/index.html, line 71: ReferenceError: $ is not defined
[Child 16078, Chrome_ChildThread] WARNING: pipe error (38): Connection reset by peer: file /build/firefox-mWstsA/firefox-61.0.1+build1/ipc/chromium/src/chrome/common/ipc_channel_posix.cc, line 353
[Child 16078, Chrome_ChildThread] WARNING: pipe error (3): Connection reset by peer: file /build/firefox-mWstsA/firefox-61.0.1+build1/ipc/chromium/src/chrome/common/ipc_channel_posix.cc, line 353
1534778993916	geckodriver	INFO	geckodriver 0.21.0
1534778993966	geckodriver	INFO	Listening on 127.0.0.1:34434
1534778995041	mozrunner::runner	INFO	Running command: "/usr/bin/firefox" "-marionette" "-foreground" "-no-remote" "-profile" "/tmp/rust_mozprofile.omiTfSYBcWac"
1534779009979	Marionette	INFO	Listening on port 37232
1534779010219	Marionette	WARN	TLS certificate errors will be ignored for this session
JavaScript warning: https://www.geeksforgeeks.org/wp-content/themes/iconic-one/js/gfg.min.js?ver=9.3, line 78: unreachable code after return statement
JavaScript error: https://www.geeksforgeeks.org/wp-content/themes/iconic-one/js/gfg.min.js?ver=9.3, line 62: TypeError: document.getElementById(...) is null
JavaScript warning: https://www.geeksforgeeks.org/wp-content/themes/iconic-one/js/gfg.min.js?ver=9.3, line 78: unreachable code after return statement
JavaScript warning: https://www.geeksforgeeks.org/wp-content/themes/iconic-one/js/gfg.min.js?ver=9.3, line 78: unreachable code after return statement
JavaScript error: https://www.geeksforgeeks.org/wp-content/themes/iconic-one/js/gfg.min.js?ver=9.3, line 62: TypeError: document.getElementById(...) is null
JavaScript warning: https://www.geeksforgeeks.org/wp-content/themes/iconic-one/js/gfg.min.js?ver=9.3, line 78: unreachable code after return statement
JavaScript warning: https://www.geeksforgeeks.org/wp-content/themes/iconic-one/js/gfg.min.js?ver=9.3, line 78: unreachable code after return statement
JavaScript error: https://www.geeksforgeeks.org/wp-content/themes/iconic-one/js/gfg.min.js?ver=9.3, line 62: TypeError: document.getElementById(...) is null

(firefox:16394): LIBDBUSMENU-GTK-CRITICAL **: dbusmenu_menuitem_property_set_shortcut: assertion 'gtk_accelerator_valid(key, modifier)' failed
1534779098523	geckodriver	INFO	geckodriver 0.21.0
1534779098530	geckodriver	INFO	Listening on 127.0.0.1:38633
1534779099533	mozrunner::runner	INFO	Running command: "/usr/bin/firefox" "-marionette" "-foreground" "-no-remote" "-profile" "/tmp/rust_mozprofile.TStayAISQYcN"
1534779103407	Marionette	INFO	Listening on port 38780
1534779103468	Marionette	WARN	TLS certificate errors will be ignored for this session
JavaScript warning: https://www.geeksforgeeks.org/wp-content/themes/iconic-one/js/gfg.min.js?ver=9.3, line 78: unreachable code after return statement
JavaScript error: https://www.geeksforgeeks.org/wp-content/themes/iconic-one/js/gfg.min.js?ver=9.3, line 62: TypeError: document.getElementById(...) is null
JavaScript warning: https://www.geeksforgeeks.org/wp-content/themes/iconic-one/js/gfg.min.js?ver=9.3, line 78: unreachable code after return statement
JavaScript warning: https://www.geeksforgeeks.org/wp-content/themes/iconic-one/js/gfg.min.js?ver=9.3, line 78: unreachable code after return statement
JavaScript error: https://www.geeksforgeeks.org/wp-content/themes/iconic-one/js/gfg.min.js?ver=9.3, line 62: TypeError: document.getElementById(...) is null
JavaScript warning: https://www.geeksforgeeks.org/wp-content/themes/iconic-one/js/gfg.min.js?ver=9.3, line 78: unreachable code after return statement
JavaScript warning: https://www.geeksforgeeks.org/wp-content/themes/iconic-one/js/gfg.min.js?ver=9.3, line 78: unreachable code after return statement
JavaScript error: https://www.geeksforgeeks.org/wp-content/themes/iconic-one/js/gfg.min.js?ver=9.3, line 62: TypeError: document.getElementById(...) is null
JavaScript warning: https://www.geeksforgeeks.org/wp-content/themes/iconic-one/js/gfg.min.js?ver=9.3, line 78: unreachable code after return statement
JavaScript warning: https://www.geeksforgeeks.org/wp-content/themes/iconic-one/js/gfg.min.js?ver=9.3, line 78: unreachable code after return statement
JavaScript error: https://www.geeksforgeeks.org/wp-content/themes/iconic-one/js/gfg.min.js?ver=9.3, line 62: TypeError: document.getElementById(...) is null
JavaScript warning: https://www.geeksforgeeks.org/wp-content/themes/iconic-one/js/gfg.min.js?ver=9.3, line 78: unreachable code after return statement
JavaScript warning: https://www.geeksforgeeks.org/wp-content/themes/iconic-one/js/gfg.min.js?ver=9.3, line 78: unreachable code after return statement
JavaScript error: https://www.geeksforgeeks.org/wp-content/themes/iconic-one/js/gfg.min.js?ver=9.3, line 62: TypeError: document.getElementById(...) is null
JavaScript warning: https://www.geeksforgeeks.org/wp-content/themes/iconic-one/js/gfg.min.js?ver=9.3, line 78: unreachable code after return statement
JavaScript warning: https://www.geeksforgeeks.org/wp-content/themes/iconic-one/js/gfg.min.js?ver=9.3, line 78: unreachable code after return statement
JavaScript error: https://www.geeksforgeeks.org/wp-content/themes/iconic-one/js/gfg.min.js?ver=9.3, line 62: TypeError: document.getElementById(...) is null
JavaScript warning: https://www.geeksforgeeks.org/wp-content/themes/iconic-one/js/gfg.min.js?ver=9.3, line 78: unreachable code after return statement
JavaScript warning: https://www.geeksforgeeks.org/wp-content/themes/iconic-one/js/gfg.min.js?ver=9.3, line 78: unreachable code after return statement
JavaScript error: https://www.geeksforgeeks.org/wp-content/themes/iconic-one/js/gfg.min.js?ver=9.3, line 62: TypeError: document.getElementById(...) is null
[Child 16802, Chrome_ChildThread] WARNING: pipe error (19): Connection reset by peer: file /build/firefox-mWstsA/firefox-61.0.1+build1/ipc/chromium/src/chrome/common/ipc_channel_posix.cc, line 353
[Child 16802, Chrome_ChildThread] WARNING: pipe error (3): Connection reset by peer: file /build/firefox-mWstsA/firefox-61.0.1+build1/ipc/chromium/src/chrome/common/ipc_channel_posix.cc, line 353
1534779233653	geckodriver	INFO	geckodriver 0.21.0
1534779233659	geckodriver	INFO	Listening on 127.0.0.1:39084
1534779233705	mozrunner::runner	INFO	Running command: "/usr/bin/firefox" "-marionette" "-foreground" "-no-remote" "-profile" "/tmp/rust_mozprofile.rC1BhoDdW2Q5"
1534779240373	Marionette	INFO	Listening on port 37088
1534779240437	Marionette	WARN	TLS certificate errors will be ignored for this session
JavaScript warning: https://www.geeksforgeeks.org/wp-content/themes/iconic-one/js/gfg.min.js?ver=9.3, line 78: unreachable code after return statement
JavaScript error: https://www.geeksforgeeks.org/wp-content/themes/iconic-one/js/gfg.min.js?ver=9.3, line 62: TypeError: document.getElementById(...) is null
JavaScript warning: https://www.geeksforgeeks.org/wp-content/themes/iconic-one/js/gfg.min.js?ver=9.3, line 78: unreachable code after return statement
JavaScript warning: https://www.geeksforgeeks.org/wp-content/themes/iconic-one/js/gfg.min.js?ver=9.3, line 78: unreachable code after return statement
JavaScript error: https://www.geeksforgeeks.org/wp-content/themes/iconic-one/js/gfg.min.js?ver=9.3, line 62: TypeError: document.getElementById(...) is null
JavaScript warning: https://www.geeksforgeeks.org/wp-content/themes/iconic-one/js/gfg.min.js?ver=9.3, line 78: unreachable code after return statement
JavaScript warning: https://www.geeksforgeeks.org/wp-content/themes/iconic-one/js/gfg.min.js?ver=9.3, line 78: unreachable code after return statement
JavaScript error: https://www.geeksforgeeks.org/wp-content/themes/iconic-one/js/gfg.min.js?ver=9.3, line 62: TypeError: document.getElementById(...) is null
JavaScript warning: https://www.geeksforgeeks.org/wp-content/themes/iconic-one/js/gfg.min.js?ver=9.3, line 78: unreachable code after return statement
JavaScript warning: https://www.geeksforgeeks.org/wp-content/themes/iconic-one/js/gfg.min.js?ver=9.3, line 78: unreachable code after return statement
JavaScript error: https://www.geeksforgeeks.org/wp-content/themes/iconic-one/js/gfg.min.js?ver=9.3, line 62: TypeError: document.getElementById(...) is null
JavaScript warning: https://www.geeksforgeeks.org/wp-content/themes/iconic-one/js/gfg.min.js?ver=9.3, line 78: unreachable code after return statement
JavaScript warning: https://www.geeksforgeeks.org/wp-content/themes/iconic-one/js/gfg.min.js?ver=9.3, line 78: unreachable code after return statement
JavaScript error: https://www.geeksforgeeks.org/wp-content/themes/iconic-one/js/gfg.min.js?ver=9.3, line 62: TypeError: document.getElementById(...) is null
[Child 17084, Chrome_ChildThread] WARNING: pipe error (3): Connection reset by peer: file /build/firefox-mWstsA/firefox-61.0.1+build1/ipc/chromium/src/chrome/common/ipc_channel_posix.cc, line 353
1534779290384	geckodriver	INFO	geckodriver 0.21.0
1534779290393	geckodriver	INFO	Listening on 127.0.0.1:45726
1534779291395	mozrunner::runner	INFO	Running command: "/usr/bin/firefox" "-marionette" "-foreground" "-no-remote" "-profile" "/tmp/rust_mozprofile.tAcb43LaoF5N"
1534779295153	Marionette	INFO	Listening on port 41414
1534779295219	Marionette	WARN	TLS certificate errors will be ignored for this session
JavaScript warning: https://www.geeksforgeeks.org/wp-content/themes/iconic-one/js/gfg.min.js?ver=9.3, line 78: unreachable code after return statement
JavaScript error: https://www.geeksforgeeks.org/wp-content/themes/iconic-one/js/gfg.min.js?ver=9.3, line 62: TypeError: document.getElementById(...) is null
JavaScript warning: https://www.geeksforgeeks.org/wp-content/themes/iconic-one/js/gfg.min.js?ver=9.3, line 78: unreachable code after return statement
JavaScript warning: https://www.geeksforgeeks.org/wp-content/themes/iconic-one/js/gfg.min.js?ver=9.3, line 78: unreachable code after return statement
JavaScript error: https://www.geeksforgeeks.org/wp-content/themes/iconic-one/js/gfg.min.js?ver=9.3, line 62: TypeError: document.getElementById(...) is null
JavaScript warning: https://www.geeksforgeeks.org/wp-content/themes/iconic-one/js/gfg.min.js?ver=9.3, line 78: unreachable code after return statement
JavaScript warning: https://www.geeksforgeeks.org/wp-content/themes/iconic-one/js/gfg.min.js?ver=9.3, line 78: unreachable code after return statement
JavaScript error: https://www.geeksforgeeks.org/wp-content/themes/iconic-one/js/gfg.min.js?ver=9.3, line 62: TypeError: document.getElementById(...) is null
JavaScript warning: https://www.geeksforgeeks.org/wp-content/themes/iconic-one/js/gfg.min.js?ver=9.3, line 78: unreachable code after return statement
JavaScript warning: https://www.geeksforgeeks.org/wp-content/themes/iconic-one/js/gfg.min.js?ver=9.3, line 78: unreachable code after return statement
JavaScript error: https://www.geeksforgeeks.org/wp-content/themes/iconic-one/js/gfg.min.js?ver=9.3, line 62: TypeError: document.getElementById(...) is null
JavaScript warning: https://www.geeksforgeeks.org/wp-content/themes/iconic-one/js/gfg.min.js?ver=9.3, line 78: unreachable code after return statement
JavaScript warning: https://www.geeksforgeeks.org/wp-content/themes/iconic-one/js/gfg.min.js?ver=9.3, line 78: unreachable code after return statement
JavaScript error: https://www.geeksforgeeks.org/wp-content/themes/iconic-one/js/gfg.min.js?ver=9.3, line 62: TypeError: document.getElementById(...) is null
JavaScript warning: https://www.geeksforgeeks.org/wp-content/themes/iconic-one/js/gfg.min.js?ver=9.3, line 78: unreachable code after return statement
JavaScript warning: https://www.geeksforgeeks.org/wp-content/themes/iconic-one/js/gfg.min.js?ver=9.3, line 78: unreachable code after return statement
JavaScript error: https://www.geeksforgeeks.org/wp-content/themes/iconic-one/js/gfg.min.js?ver=9.3, line 62: TypeError: document.getElementById(...) is null
JavaScript warning: https://www.geeksforgeeks.org/wp-content/themes/iconic-one/js/gfg.min.js?ver=9.3, line 78: unreachable code after return statement
JavaScript warning: https://www.geeksforgeeks.org/wp-content/themes/iconic-one/js/gfg.min.js?ver=9.3, line 78: unreachable code after return statement
JavaScript error: https://www.geeksforgeeks.org/wp-content/themes/iconic-one/js/gfg.min.js?ver=9.3, line 62: TypeError: document.getElementById(...) is null
JavaScript warning: https://www.geeksforgeeks.org/wp-content/themes/iconic-one/js/gfg.min.js?ver=9.3, line 78: unreachable code after return statement
[GFX1-]: Receive IPC close with reason=AbnormalShutdown
[Child 17373, Chrome_ChildThread] WARNING: pipe error (3): Connection reset by peer: file /build/firefox-mWstsA/firefox-61.0.1+build1/ipc/chromium/src/chrome/common/ipc_channel_posix.cc, line 353
[Child 17316, Chrome_ChildThread] WARNING: pipe error (3): Connection reset by peer: file /build/firefox-mWstsA/firefox-61.0.1+build1/ipc/chromium/src/chrome/common/ipc_channel_posix.cc, line 353
1534779501407	geckodriver	INFO	geckodriver 0.21.0
1534779501413	geckodriver	INFO	Listening on 127.0.0.1:60201
1534779502419	mozrunner::runner	INFO	Running command: "/usr/bin/firefox" "-marionette" "-foreground" "-no-remote" "-profile" "/tmp/rust_mozprofile.V4yzwr7SaV8O"
1534779506358	Marionette	INFO	Listening on port 45561
1534779506445	Marionette	WARN	TLS certificate errors will be ignored for this session
JavaScript warning: https://www.geeksforgeeks.org/wp-content/themes/iconic-one/js/gfg.min.js?ver=9.3, line 78: unreachable code after return statement
JavaScript error: https://www.geeksforgeeks.org/wp-content/themes/iconic-one/js/gfg.min.js?ver=9.3, line 62: TypeError: document.getElementById(...) is null
JavaScript warning: https://www.geeksforgeeks.org/wp-content/themes/iconic-one/js/gfg.min.js?ver=9.3, line 78: unreachable code after return statement
JavaScript warning: https://www.geeksforgeeks.org/wp-content/themes/iconic-one/js/gfg.min.js?ver=9.3, line 78: unreachable code after return statement
JavaScript error: https://www.geeksforgeeks.org/wp-content/themes/iconic-one/js/gfg.min.js?ver=9.3, line 62: TypeError: document.getElementById(...) is null
JavaScript warning: https://www.geeksforgeeks.org/wp-content/themes/iconic-one/js/gfg.min.js?ver=9.3, line 78: unreachable code after return statement
JavaScript warning: https://www.geeksforgeeks.org/wp-content/themes/iconic-one/js/gfg.min.js?ver=9.3, line 78: unreachable code after return statement
JavaScript error: https://www.geeksforgeeks.org/wp-content/themes/iconic-one/js/gfg.min.js?ver=9.3, line 62: TypeError: document.getElementById(...) is null
JavaScript warning: https://www.geeksforgeeks.org/wp-content/themes/iconic-one/js/gfg.min.js?ver=9.3, line 78: unreachable code after return statement
JavaScript warning: https://www.geeksforgeeks.org/wp-content/themes/iconic-one/js/gfg.min.js?ver=9.3, line 78: unreachable code after return statement
JavaScript error: https://www.geeksforgeeks.org/wp-content/themes/iconic-one/js/gfg.min.js?ver=9.3, line 62: TypeError: document.getElementById(...) is null
1534779600764	geckodriver	INFO	geckodriver 0.21.0
1534779600770	geckodriver	INFO	Listening on 127.0.0.1:48599
1534779601779	mozrunner::runner	INFO	Running command: "/usr/bin/firefox" "-marionette" "-foreground" "-no-remote" "-profile" "/tmp/rust_mozprofile.63nXDpjIaDH8"
1534779605684	Marionette	INFO	Listening on port 34572
1534779605701	Marionette	WARN	TLS certificate errors will be ignored for this session
JavaScript warning: https://www.geeksforgeeks.org/wp-content/themes/iconic-one/js/gfg.min.js?ver=9.3, line 78: unreachable code after return statement
JavaScript error: https://www.geeksforgeeks.org/wp-content/themes/iconic-one/js/gfg.min.js?ver=9.3, line 62: TypeError: document.getElementById(...) is null
JavaScript warning: https://www.geeksforgeeks.org/wp-content/themes/iconic-one/js/gfg.min.js?ver=9.3, line 78: unreachable code after return statement
JavaScript warning: https://www.geeksforgeeks.org/wp-content/themes/iconic-one/js/gfg.min.js?ver=9.3, line 78: unreachable code after return statement
JavaScript error: https://www.geeksforgeeks.org/wp-content/themes/iconic-one/js/gfg.min.js?ver=9.3, line 62: TypeError: document.getElementById(...) is null
JavaScript warning: https://www.geeksforgeeks.org/wp-content/themes/iconic-one/js/gfg.min.js?ver=9.3, line 78: unreachable code after return statement
JavaScript warning: https://www.geeksforgeeks.org/wp-content/themes/iconic-one/js/gfg.min.js?ver=9.3, line 78: unreachable code after return statement
JavaScript error: https://www.geeksforgeeks.org/wp-content/themes/iconic-one/js/gfg.min.js?ver=9.3, line 62: TypeError: document.getElementById(...) is null
JavaScript warning: https://www.geeksforgeeks.org/wp-content/themes/iconic-one/js/gfg.min.js?ver=9.3, line 78: unreachable code after return statement
JavaScript warning: https://www.geeksforgeeks.org/wp-content/themes/iconic-one/js/gfg.min.js?ver=9.3, line 78: unreachable code after return statement
JavaScript error: https://www.geeksforgeeks.org/wp-content/themes/iconic-one/js/gfg.min.js?ver=9.3, line 62: TypeError: document.getElementById(...) is null
JavaScript warning: https://www.geeksforgeeks.org/wp-content/themes/iconic-one/js/gfg.min.js?ver=9.3, line 78: unreachable code after return statement
JavaScript warning: https://www.geeksforgeeks.org/wp-content/themes/iconic-one/js/gfg.min.js?ver=9.3, line 78: unreachable code after return statement
JavaScript error: https://www.geeksforgeeks.org/wp-content/themes/iconic-one/js/gfg.min.js?ver=9.3, line 62: TypeError: document.getElementById(...) is null
JavaScript warning: https://www.geeksforgeeks.org/wp-content/themes/iconic-one/js/gfg.min.js?ver=9.3, line 78: unreachable code after return statement
JavaScript warning: https://www.geeksforgeeks.org/wp-content/themes/iconic-one/js/gfg.min.js?ver=9.3, line 78: unreachable code after return statement
JavaScript error: https://www.geeksforgeeks.org/wp-content/themes/iconic-one/js/gfg.min.js?ver=9.3, line 62: TypeError: document.getElementById(...) is null
JavaScript warning: https://www.geeksforgeeks.org/wp-content/themes/iconic-one/js/gfg.min.js?ver=9.3, line 78: unreachable code after return statement
JavaScript warning: https://www.geeksforgeeks.org/wp-content/themes/iconic-one/js/gfg.min.js?ver=9.3, line 78: unreachable code after return statement
JavaScript error: https://www.geeksforgeeks.org/wp-content/themes/iconic-one/js/gfg.min.js?ver=9.3, line 62: TypeError: document.getElementById(...) is null
JavaScript warning: https://www.geeksforgeeks.org/wp-content/themes/iconic-one/js/gfg.min.js?ver=9.3, line 78: unreachable code after return statement
JavaScript warning: https://www.geeksforgeeks.org/wp-content/themes/iconic-one/js/gfg.min.js?ver=9.3, line 78: unreachable code after return statement
JavaScript error: https://www.geeksforgeeks.org/wp-content/themes/iconic-one/js/gfg.min.js?ver=9.3, line 62: TypeError: document.getElementById(...) is null
JavaScript warning: https://www.geeksforgeeks.org/wp-content/themes/iconic-one/js/gfg.min.js?ver=9.3, line 78: unreachable code after return statement
JavaScript error: https://www.geeksforgeeks.org/wp-content/themes/iconic-one/js/gfg.min.js?ver=9.3, line 62: TypeError: document.getElementById(...) is null
JavaScript error: https://www.geeksforgeeks.org/wp-content/themes/iconic-one/js/gfg.min.js?ver=9.3, line 62: TypeError: document.getElementById(...) is null
JavaScript error: https://www.geeksforgeeks.org/wp-content/themes/iconic-one/js/gfg.min.js?ver=9.3, line 62: TypeError: document.getElementById(...) is null
JavaScript error: https://www.geeksforgeeks.org/wp-content/themes/iconic-one/js/gfg.min.js?ver=9.3, line 62: TypeError: document.getElementById(...) is null
[Child 17953, Chrome_ChildThread] WARNING: pipe error (38): Connection reset by peer: file /build/firefox-mWstsA/firefox-61.0.1+build1/ipc/chromium/src/chrome/common/ipc_channel_posix.cc, line 353
[Child 17953, Chrome_ChildThread] WARNING: pipe error (3): Connection reset by peer: file /build/firefox-mWstsA/firefox-61.0.1+build1/ipc/chromium/src/chrome/common/ipc_channel_posix.cc, line 353
